{"/Users/drew/Documents/RPP30/FEC/App/Header.jsx": {"path":"/Users/drew/Documents/RPP30/FEC/App/Header.jsx","statementMap":{"0":{"start":{"line":6,"column":4},"end":{"line":6,"column":17}},"1":{"start":{"line":10,"column":4},"end":{"line":13,"column":12}}},"fnMap":{"0":{"name":"(anonymous_0)","decl":{"start":{"line":5,"column":2},"end":{"line":5,"column":3}},"loc":{"start":{"line":5,"column":21},"end":{"line":7,"column":3}},"line":5},"1":{"name":"(anonymous_1)","decl":{"start":{"line":9,"column":2},"end":{"line":9,"column":3}},"loc":{"start":{"line":9,"column":11},"end":{"line":14,"column":3}},"line":9}},"branchMap":{},"s":{"0":1,"1":1},"f":{"0":1,"1":1},"b":{},"_coverageSchema":"1a1c01bbd47fc00a2c39e90264f33305004495a9","hash":"b8d8c4234224e2cfec801f6caab068fd1da3d27f"}
,"/Users/drew/Documents/RPP30/FEC/App/context.jsx": {"path":"/Users/drew/Documents/RPP30/FEC/App/context.jsx","statementMap":{"0":{"start":{"line":3,"column":25},"end":{"line":3,"column":46}},"1":{"start":{"line":5,"column":33},"end":{"line":5,"column":58}},"2":{"start":{"line":6,"column":31},"end":{"line":6,"column":56}}},"fnMap":{},"branchMap":{},"s":{"0":2,"1":2,"2":2},"f":{},"b":{},"_coverageSchema":"1a1c01bbd47fc00a2c39e90264f33305004495a9","hash":"9a8f2b5dee91dfe31d4594c1c05b43fceca49c2b"}
,"/Users/drew/Documents/RPP30/FEC/App/Overview/Description.jsx": {"path":"/Users/drew/Documents/RPP30/FEC/App/Overview/Description.jsx","statementMap":{"0":{"start":{"line":7,"column":4},"end":{"line":7,"column":17}},"1":{"start":{"line":10,"column":23},"end":{"line":10,"column":39}},"2":{"start":{"line":13,"column":4},"end":{"line":13,"column":70}},"3":{"start":{"line":17,"column":4},"end":{"line":20,"column":11}}},"fnMap":{"0":{"name":"(anonymous_0)","decl":{"start":{"line":6,"column":2},"end":{"line":6,"column":3}},"loc":{"start":{"line":6,"column":21},"end":{"line":8,"column":3}},"line":6},"1":{"name":"(anonymous_1)","decl":{"start":{"line":12,"column":2},"end":{"line":12,"column":3}},"loc":{"start":{"line":12,"column":22},"end":{"line":14,"column":3}},"line":12},"2":{"name":"(anonymous_2)","decl":{"start":{"line":16,"column":2},"end":{"line":16,"column":3}},"loc":{"start":{"line":16,"column":11},"end":{"line":21,"column":3}},"line":16}},"branchMap":{},"s":{"0":2,"1":2,"2":2,"3":2},"f":{"0":2,"1":2,"2":2},"b":{},"_coverageSchema":"1a1c01bbd47fc00a2c39e90264f33305004495a9","hash":"797689b022d099f147e3f308735497e1862da5e3"}
,"/Users/drew/Documents/RPP30/FEC/App/Overview/Features.jsx": {"path":"/Users/drew/Documents/RPP30/FEC/App/Overview/Features.jsx","statementMap":{"0":{"start":{"line":8,"column":4},"end":{"line":8,"column":17}},"1":{"start":{"line":11,"column":23},"end":{"line":11,"column":39}},"2":{"start":{"line":14,"column":4},"end":{"line":14,"column":52}},"3":{"start":{"line":15,"column":4},"end":{"line":15,"column":18}},"4":{"start":{"line":19,"column":4},"end":{"line":31,"column":5}},"5":{"start":{"line":20,"column":6},"end":{"line":28,"column":13}},"6":{"start":{"line":22,"column":10},"end":{"line":26,"column":11}},"7":{"start":{"line":23,"column":12},"end":{"line":23,"column":57}},"8":{"start":{"line":25,"column":12},"end":{"line":25,"column":75}},"9":{"start":{"line":30,"column":6},"end":{"line":30,"column":18}}},"fnMap":{"0":{"name":"(anonymous_0)","decl":{"start":{"line":7,"column":2},"end":{"line":7,"column":3}},"loc":{"start":{"line":7,"column":21},"end":{"line":9,"column":3}},"line":7},"1":{"name":"(anonymous_1)","decl":{"start":{"line":13,"column":2},"end":{"line":13,"column":3}},"loc":{"start":{"line":13,"column":23},"end":{"line":16,"column":3}},"line":13},"2":{"name":"(anonymous_2)","decl":{"start":{"line":18,"column":2},"end":{"line":18,"column":3}},"loc":{"start":{"line":18,"column":11},"end":{"line":32,"column":3}},"line":18},"3":{"name":"(anonymous_3)","decl":{"start":{"line":21,"column":33},"end":{"line":21,"column":34}},"loc":{"start":{"line":21,"column":53},"end":{"line":27,"column":9}},"line":21}},"branchMap":{"0":{"loc":{"start":{"line":19,"column":4},"end":{"line":31,"column":5}},"type":"if","locations":[{"start":{"line":19,"column":4},"end":{"line":31,"column":5}},{"start":{"line":19,"column":4},"end":{"line":31,"column":5}}],"line":19},"1":{"loc":{"start":{"line":22,"column":10},"end":{"line":26,"column":11}},"type":"if","locations":[{"start":{"line":22,"column":10},"end":{"line":26,"column":11}},{"start":{"line":22,"column":10},"end":{"line":26,"column":11}}],"line":22}},"s":{"0":1,"1":1,"2":0,"3":0,"4":1,"5":0,"6":0,"7":0,"8":0,"9":1},"f":{"0":1,"1":0,"2":1,"3":0},"b":{"0":[0,1],"1":[0,0]},"_coverageSchema":"1a1c01bbd47fc00a2c39e90264f33305004495a9","hash":"502e0e365ae941c1876681ba593ae657628231e0"}
,"/Users/drew/Documents/RPP30/FEC/App/Overview/Gallery.jsx": {"path":"/Users/drew/Documents/RPP30/FEC/App/Overview/Gallery.jsx","statementMap":{"0":{"start":{"line":7,"column":4},"end":{"line":7,"column":17}},"1":{"start":{"line":10,"column":23},"end":{"line":10,"column":39}},"2":{"start":{"line":13,"column":4},"end":{"line":13,"column":66}},"3":{"start":{"line":17,"column":4},"end":{"line":19,"column":11}}},"fnMap":{"0":{"name":"(anonymous_0)","decl":{"start":{"line":6,"column":2},"end":{"line":6,"column":3}},"loc":{"start":{"line":6,"column":21},"end":{"line":8,"column":3}},"line":6},"1":{"name":"(anonymous_1)","decl":{"start":{"line":12,"column":2},"end":{"line":12,"column":3}},"loc":{"start":{"line":12,"column":22},"end":{"line":14,"column":3}},"line":12},"2":{"name":"(anonymous_2)","decl":{"start":{"line":16,"column":2},"end":{"line":16,"column":3}},"loc":{"start":{"line":16,"column":11},"end":{"line":20,"column":3}},"line":16}},"branchMap":{},"s":{"0":1,"1":1,"2":1,"3":1},"f":{"0":1,"1":1,"2":1},"b":{},"_coverageSchema":"1a1c01bbd47fc00a2c39e90264f33305004495a9","hash":"80e00b538cdf57980c2df9dc137daac053523bc8"}
,"/Users/drew/Documents/RPP30/FEC/App/Overview/Overview.jsx": {"path":"/Users/drew/Documents/RPP30/FEC/App/Overview/Overview.jsx","statementMap":{"0":{"start":{"line":14,"column":4},"end":{"line":14,"column":17}},"1":{"start":{"line":15,"column":4},"end":{"line":15,"column":20}},"2":{"start":{"line":18,"column":23},"end":{"line":18,"column":39}},"3":{"start":{"line":21,"column":4},"end":{"line":23,"column":7}},"4":{"start":{"line":22,"column":6},"end":{"line":22,"column":205}},"5":{"start":{"line":27,"column":4},"end":{"line":38,"column":6}}},"fnMap":{"0":{"name":"(anonymous_0)","decl":{"start":{"line":13,"column":2},"end":{"line":13,"column":3}},"loc":{"start":{"line":13,"column":21},"end":{"line":16,"column":3}},"line":13},"1":{"name":"(anonymous_1)","decl":{"start":{"line":20,"column":2},"end":{"line":20,"column":3}},"loc":{"start":{"line":20,"column":22},"end":{"line":24,"column":3}},"line":20},"2":{"name":"(anonymous_2)","decl":{"start":{"line":21,"column":51},"end":{"line":21,"column":52}},"loc":{"start":{"line":21,"column":61},"end":{"line":23,"column":5}},"line":21},"3":{"name":"(anonymous_3)","decl":{"start":{"line":26,"column":2},"end":{"line":26,"column":3}},"loc":{"start":{"line":26,"column":11},"end":{"line":39,"column":3}},"line":26}},"branchMap":{},"s":{"0":1,"1":1,"2":1,"3":1,"4":0,"5":1},"f":{"0":1,"1":1,"2":0,"3":1},"b":{},"_coverageSchema":"1a1c01bbd47fc00a2c39e90264f33305004495a9","hash":"172c83452b59eac90b6543226d162d5787170b19"}
,"/Users/drew/Documents/RPP30/FEC/App/Overview/Styles.jsx": {"path":"/Users/drew/Documents/RPP30/FEC/App/Overview/Styles.jsx","statementMap":{"0":{"start":{"line":7,"column":4},"end":{"line":7,"column":17}},"1":{"start":{"line":10,"column":23},"end":{"line":10,"column":39}},"2":{"start":{"line":13,"column":4},"end":{"line":15,"column":11}}},"fnMap":{"0":{"name":"(anonymous_0)","decl":{"start":{"line":6,"column":2},"end":{"line":6,"column":3}},"loc":{"start":{"line":6,"column":21},"end":{"line":8,"column":3}},"line":6},"1":{"name":"(anonymous_1)","decl":{"start":{"line":12,"column":2},"end":{"line":12,"column":3}},"loc":{"start":{"line":12,"column":11},"end":{"line":16,"column":3}},"line":12}},"branchMap":{},"s":{"0":1,"1":1,"2":1},"f":{"0":1,"1":1},"b":{},"_coverageSchema":"1a1c01bbd47fc00a2c39e90264f33305004495a9","hash":"deccab5ce67d350301fb69e9d6d0d8e9fcda966e"}
,"/Users/drew/Documents/RPP30/FEC/App/Overview/Title.jsx": {"path":"/Users/drew/Documents/RPP30/FEC/App/Overview/Title.jsx","statementMap":{"0":{"start":{"line":7,"column":4},"end":{"line":7,"column":17}},"1":{"start":{"line":10,"column":23},"end":{"line":10,"column":39}},"2":{"start":{"line":13,"column":4},"end":{"line":15,"column":11}}},"fnMap":{"0":{"name":"(anonymous_0)","decl":{"start":{"line":6,"column":2},"end":{"line":6,"column":3}},"loc":{"start":{"line":6,"column":21},"end":{"line":8,"column":3}},"line":6},"1":{"name":"(anonymous_1)","decl":{"start":{"line":12,"column":2},"end":{"line":12,"column":3}},"loc":{"start":{"line":12,"column":11},"end":{"line":16,"column":3}},"line":12}},"branchMap":{},"s":{"0":1,"1":1,"2":1},"f":{"0":1,"1":1},"b":{},"_coverageSchema":"1a1c01bbd47fc00a2c39e90264f33305004495a9","hash":"be6f4a3d09fc7d83b4db7d8abd31894153f552d1"}
,"/Users/drew/Documents/RPP30/FEC/App/RelatedProducts/ProductCard.jsx": {"path":"/Users/drew/Documents/RPP30/FEC/App/RelatedProducts/ProductCard.jsx","statementMap":{"0":{"start":{"line":6,"column":4},"end":{"line":6,"column":17}},"1":{"start":{"line":7,"column":4},"end":{"line":13,"column":6}},"2":{"start":{"line":14,"column":4},"end":{"line":14,"column":45}},"3":{"start":{"line":15,"column":4},"end":{"line":15,"column":43}},"4":{"start":{"line":16,"column":4},"end":{"line":16,"column":47}},"5":{"start":{"line":20,"column":4},"end":{"line":20,"column":20}},"6":{"start":{"line":21,"column":4},"end":{"line":21,"column":19}},"7":{"start":{"line":26,"column":4},"end":{"line":32,"column":7}},"8":{"start":{"line":27,"column":6},"end":{"line":31,"column":9}},"9":{"start":{"line":37,"column":4},"end":{"line":42,"column":7}},"10":{"start":{"line":38,"column":6},"end":{"line":41,"column":9}},"11":{"start":{"line":46,"column":4},"end":{"line":48,"column":5}},"12":{"start":{"line":47,"column":6},"end":{"line":47,"column":34}},"13":{"start":{"line":49,"column":4},"end":{"line":49,"column":28}},"14":{"start":{"line":53,"column":4},"end":{"line":67,"column":6}}},"fnMap":{"0":{"name":"(anonymous_0)","decl":{"start":{"line":5,"column":2},"end":{"line":5,"column":3}},"loc":{"start":{"line":5,"column":21},"end":{"line":17,"column":3}},"line":5},"1":{"name":"(anonymous_1)","decl":{"start":{"line":19,"column":2},"end":{"line":19,"column":3}},"loc":{"start":{"line":19,"column":22},"end":{"line":22,"column":3}},"line":19},"2":{"name":"(anonymous_2)","decl":{"start":{"line":24,"column":2},"end":{"line":24,"column":3}},"loc":{"start":{"line":24,"column":13},"end":{"line":33,"column":3}},"line":24},"3":{"name":"(anonymous_3)","decl":{"start":{"line":26,"column":72},"end":{"line":26,"column":73}},"loc":{"start":{"line":26,"column":82},"end":{"line":32,"column":5}},"line":26},"4":{"name":"(anonymous_4)","decl":{"start":{"line":35,"column":2},"end":{"line":35,"column":3}},"loc":{"start":{"line":35,"column":12},"end":{"line":43,"column":3}},"line":35},"5":{"name":"(anonymous_5)","decl":{"start":{"line":37,"column":52},"end":{"line":37,"column":53}},"loc":{"start":{"line":37,"column":62},"end":{"line":42,"column":5}},"line":37},"6":{"name":"(anonymous_6)","decl":{"start":{"line":45,"column":2},"end":{"line":45,"column":3}},"loc":{"start":{"line":45,"column":14},"end":{"line":50,"column":3}},"line":45},"7":{"name":"(anonymous_7)","decl":{"start":{"line":52,"column":2},"end":{"line":52,"column":3}},"loc":{"start":{"line":52,"column":11},"end":{"line":68,"column":3}},"line":52}},"branchMap":{"0":{"loc":{"start":{"line":46,"column":4},"end":{"line":48,"column":5}},"type":"if","locations":[{"start":{"line":46,"column":4},"end":{"line":48,"column":5}},{"start":{"line":46,"column":4},"end":{"line":48,"column":5}}],"line":46}},"s":{"0":5,"1":5,"2":5,"3":5,"4":5,"5":5,"6":5,"7":5,"8":0,"9":5,"10":0,"11":5,"12":0,"13":5,"14":5},"f":{"0":5,"1":5,"2":5,"3":0,"4":5,"5":0,"6":5,"7":5},"b":{"0":[0,5]},"_coverageSchema":"1a1c01bbd47fc00a2c39e90264f33305004495a9","hash":"c54e5f658db826e56736c3a310a48698be18fb57"}
,"/Users/drew/Documents/RPP30/FEC/App/Reviews/LeftColumn.jsx": {"path":"/Users/drew/Documents/RPP30/FEC/App/Reviews/LeftColumn.jsx","statementMap":{"0":{"start":{"line":4,"column":19},"end":{"line":33,"column":1}},"1":{"start":{"line":6,"column":2},"end":{"line":32,"column":4}}},"fnMap":{"0":{"name":"(anonymous_0)","decl":{"start":{"line":4,"column":19},"end":{"line":4,"column":20}},"loc":{"start":{"line":4,"column":30},"end":{"line":33,"column":1}},"line":4}},"branchMap":{},"s":{"0":1,"1":5},"f":{"0":5},"b":{},"_coverageSchema":"1a1c01bbd47fc00a2c39e90264f33305004495a9","hash":"afc36107b0a2c2ebcccdc54f03193e9236bf65b8"}
,"/Users/drew/Documents/RPP30/FEC/App/Reviews/Review.jsx": {"path":"/Users/drew/Documents/RPP30/FEC/App/Reviews/Review.jsx","statementMap":{"0":{"start":{"line":12,"column":15},"end":{"line":28,"column":1}},"1":{"start":{"line":14,"column":2},"end":{"line":27,"column":4}}},"fnMap":{"0":{"name":"(anonymous_0)","decl":{"start":{"line":12,"column":15},"end":{"line":12,"column":16}},"loc":{"start":{"line":12,"column":26},"end":{"line":28,"column":1}},"line":12}},"branchMap":{},"s":{"0":2,"1":1},"f":{"0":1},"b":{},"_coverageSchema":"1a1c01bbd47fc00a2c39e90264f33305004495a9","hash":"2a5e0f95a641dfd249f56453c06043fc36c3062b"}
,"/Users/drew/Documents/RPP30/FEC/App/Reviews/RightColumn.jsx": {"path":"/Users/drew/Documents/RPP30/FEC/App/Reviews/RightColumn.jsx","statementMap":{"0":{"start":{"line":5,"column":20},"end":{"line":17,"column":1}},"1":{"start":{"line":7,"column":2},"end":{"line":16,"column":4}}},"fnMap":{"0":{"name":"(anonymous_0)","decl":{"start":{"line":5,"column":20},"end":{"line":5,"column":21}},"loc":{"start":{"line":5,"column":31},"end":{"line":17,"column":1}},"line":5}},"branchMap":{},"s":{"0":1,"1":1},"f":{"0":1},"b":{},"_coverageSchema":"1a1c01bbd47fc00a2c39e90264f33305004495a9","hash":"362d311d57c0d4ab1d9d1708b3bb01e2c0ad5ffa"}
}
